{
  "stats": {
    "suites": 1,
    "tests": 1,
    "passes": 1,
    "pending": 0,
    "failures": 0,
    "start": "2023-01-21T22:08:45.856Z",
    "end": "2023-01-21T22:08:48.160Z",
    "duration": 2304,
    "testsRegistered": 1,
    "passPercent": 100,
    "pendingPercent": 0,
    "other": 0,
    "hasOther": false,
    "skipped": 0,
    "hasSkipped": false
  },
  "results": [
    {
      "uuid": "532bbc08-b128-4fa4-a4db-52b7d4ec99f1",
      "title": "",
      "fullFile": "cypress/e2e/secondTest.spec.js",
      "file": "cypress/e2e/secondTest.spec.js",
      "beforeHooks": [],
      "afterHooks": [],
      "tests": [],
      "suites": [
        {
          "uuid": "dcbadb70-aa30-493b-a1f0-d1d47a3c75e0",
          "title": "Test log out",
          "fullFile": "",
          "file": "",
          "beforeHooks": [],
          "afterHooks": [],
          "tests": [
            {
              "title": "verify use can log out successfully",
              "fullTitle": "Test log out verify use can log out successfully",
              "timedOut": null,
              "duration": 2246,
              "state": "passed",
              "speed": "fast",
              "pass": true,
              "fail": false,
              "pending": false,
              "context": null,
              "code": "cy.contains('Settings').click();\ncy.contains('Or click here to logout').click();\ncy.get('.navbar-nav').should('contain', 'Sign up');",
              "err": {},
              "uuid": "5f36fdbc-6e8d-42df-8f70-849bc63fef06",
              "parentUUID": "dcbadb70-aa30-493b-a1f0-d1d47a3c75e0",
              "isHook": false,
              "skipped": false
            }
          ],
          "suites": [],
          "passes": [
            "5f36fdbc-6e8d-42df-8f70-849bc63fef06"
          ],
          "failures": [],
          "pending": [],
          "skipped": [],
          "duration": 2246,
          "root": false,
          "rootEmpty": false,
          "_timeout": 2000
        }
      ],
      "passes": [],
      "failures": [],
      "pending": [],
      "skipped": [],
      "duration": 0,
      "root": true,
      "rootEmpty": true,
      "_timeout": 2000
    }
  ],
  "meta": {
    "mocha": {
      "version": "7.0.1"
    },
    "mochawesome": {
      "options": {
        "quiet": false,
        "reportFilename": "mochawesome",
        "saveHtml": false,
        "saveJson": true,
        "consoleReporter": "spec",
        "useInlineDiffs": false
      },
      "version": "4.1.0"
    },
    "marge": {
      "options": {
        "id": "default",
        "reportDir": "cypress/results/mochawesome",
        "overwrite": false,
        "html": false,
        "json": true
      },
      "version": "4.1.0"
    }
  }
}