<?xml version="1.0" encoding="UTF-8"?>
<testsuites name="Mocha Tests" time="2.2460" tests="1" failures="0">
  <testsuite name="Root Suite" timestamp="2023-01-21T22:08:45" tests="0" file="cypress/e2e/secondTest.spec.js" time="0.0000" failures="0">
  </testsuite>
  <testsuite name="Test log out" timestamp="2023-01-21T22:08:45" tests="1" time="2.2460" failures="0">
    <testcase name="Test log out verify use can log out successfully" time="2.2460" classname="verify use can log out successfully">
    </testcase>
  </testsuite>
</testsuites>